ProtocolGame parse message exception (155 bytes, 103 unread, last opcode is 0xb4 (180), prev opcode is 0xa0 (160), proto: 772): unknown message mode 255
a0 00 97 00 6c 62 7e e5 7d 04 01 6c 62 7e e6 7d 04 01 6c 62 7e e7 7d 04 01 70 00 10 1f 
a0 96 00 96 00 10 27 e8 54 b6 07 c8 00 00 00 00 00 00 00 00 64 
b4 1b 25 00 56 6f 63 65 20 67 61 6e 68 6f 75 20 75 6d 20 6d 61 67 69 63 20 70 61 6e 74 73 21 20 50 61 72 61 62 65 6e 73 21 b4 12 29 00 44 75 72 69 6e 20 67 61 6e 68 6f 75 20 75 6d 20 6d 61 67 69 63 20 70 61 6e 74 73 20 6e 6f 20 74 69 67 72 69 6e 68 6f 21 21 84 5d 7e e5 7d 04 19 03 00 59 4f 55 83 5d 7e e5 7d 04 1f 

ProtocolGame parse message exception (155 bytes, 103 unread, last opcode is 0xb4 (180), prev opcode is 0xa0 (160), proto: 772): unknown message mode 255
a0 00 97 00 6c 62 7e e5 7d 04 01 6c 62 7e e6 7d 04 01 6c 62 7e e7 7d 04 01 70 00 10 1f 
a0 96 00 96 00 10 27 e8 54 b6 07 c8 00 00 00 00 00 00 00 00 64 
b4 1b 25 00 56 6f 63 65 20 67 61 6e 68 6f 75 20 75 6d 20 6d 61 67 69 63 20 70 61 6e 74 73 21 20 50 61 72 61 62 65 6e 73 21 b4 12 29 00 44 75 72 69 6e 20 67 61 6e 68 6f 75 20 75 6d 20 6d 61 67 69 63 20 70 61 6e 74 73 20 6e 6f 20 74 69 67 72 69 6e 68 6f 21 21 84 5d 7e e5 7d 04 19 03 00 59 4f 55 83 5d 7e e5 7d 04 1f 

ProtocolGame parse message exception (159 bytes, 107 unread, last opcode is 0xb4 (180), prev opcode is 0xa0 (160), proto: 772): unknown message mode 255
a0 00 9b 00 6c 62 7e e1 7d 04 01 6c 62 7e e2 7d 04 01 6c 62 7e e3 7d 04 01 70 00 db 1e 
a0 96 00 96 00 10 27 e8 54 b6 07 c8 00 00 00 00 00 00 00 00 64 
b4 1b 27 00 56 6f 63 65 20 67 61 6e 68 6f 75 20 75 6d 20 73 6e 69 70 65 72 20 68 65 6c 6d 65 74 21 20 50 61 72 61 62 65 6e 73 21 b4 12 2b 00 44 75 72 69 6e 20 67 61 6e 68 6f 75 20 75 6d 20 73 6e 69 70 65 72 20 68 65 6c 6d 65 74 20 6e 6f 20 74 69 67 72 69 6e 68 6f 21 21 84 5d 7e e5 7d 04 19 03 00 59 4f 55 83 5d 7e e5 7d 04 1f 

ProtocolGame parse message exception (159 bytes, 107 unread, last opcode is 0xb4 (180), prev opcode is 0xa0 (160), proto: 772): unknown message mode 255
a0 00 9b 00 6c 62 7e e1 7d 04 02 6c 62 7e e2 7d 04 02 6c 62 7e e3 7d 04 01 70 00 db 1e 
a0 96 00 96 00 10 27 e8 54 b6 07 c8 00 00 00 00 00 00 00 00 64 
b4 1b 27 00 56 6f 63 65 20 67 61 6e 68 6f 75 20 75 6d 20 73 6e 69 70 65 72 20 68 65 6c 6d 65 74 21 20 50 61 72 61 62 65 6e 73 21 b4 12 2b 00 44 75 72 69 6e 20 67 61 6e 68 6f 75 20 75 6d 20 73 6e 69 70 65 72 20 68 65 6c 6d 65 74 20 6e 6f 20 74 69 67 72 69 6e 68 6f 21 21 84 5c 7e df 7d 04 19 03 00 59 4f 55 83 5c 7e df 7d 04 1f 

ProtocolGame parse message exception (159 bytes, 107 unread, last opcode is 0xb4 (180), prev opcode is 0xa0 (160), proto: 772): unknown message mode 255
a0 00 9b 00 6c 58 7e e7 7d 04 01 6c 58 7e e6 7d 04 01 6c 58 7e e5 7d 04 01 70 00 18 1f 
a0 96 00 96 00 10 27 e8 54 b6 07 c8 00 00 00 00 00 00 00 00 64 
b4 1b 27 00 56 6f 63 65 20 67 61 6e 68 6f 75 20 75 6d 20 44 69 61 62 6f 6c 69 63 20 6c 65 67 73 21 20 50 61 72 61 62 65 6e 73 21 b4 12 2b 00 44 75 72 69 6e 20 67 61 6e 68 6f 75 20 75 6d 20 44 69 61 62 6f 6c 69 63 20 6c 65 67 73 20 6e 6f 20 74 69 67 72 69 6e 68 6f 21 21 84 5d 7e e4 7d 04 19 03 00 59 4f 55 83 5d 7e e4 7d 04 1f 

